TN:
SF:packages/kanban/src/lib/testing-transition/coverage-analyzer.ts
FN:10,analyzeCoverage
FN:25,parseLcov
FN:50,parseCobertura
FN:70,parseJsonCoverage
FNDA:4,analyzeCoverage
FNDA:4,parseLcov
FNDA:2,parseCobertura
FNDA:1,parseJsonCoverage
FNF:4
FNH:4
DA:11,1
DA:12,1
DA:13,1
DA:14,1
DA:15,1
DA:26,1
DA:27,1
DA:28,1
DA:29,1
DA:30,1
DA:31,1
DA:32,1
DA:33,1
DA:34,1
DA:35,1
DA:36,1
DA:37,1
DA:38,1
DA:39,1
DA:40,1
DA:41,1
DA:42,1
DA:43,1
DA:44,1
DA:45,1
LF:35
LH:35
end_of_record
SF:packages/kanban/src/lib/testing-transition/quality-scorer.ts
FN:8,calculateQualityScore
FNDA:3,calculateQualityScore
FNF:1
FNH:1
DA:9,1
DA:10,1
DA:11,1
DA:12,1
DA:13,1
DA:14,1
DA:15,1
DA:16,1
DA:17,1
DA:18,1
DA:19,1
DA:20,1
DA:21,1
DA:22,1
DA:23,1
DA:24,1
DA:25,1
LF:16
LH:16
end_of_record
SF:packages/kanban/src/lib/testing-transition/requirement-mapper.ts
FN:5,mapRequirements
FN:15,validateMappings
FNDA:2,mapRequirements
FNDA:1,validateMappings
FNF:2
FNH:2
DA:6,1
DA:7,1
DA:8,1
DA:9,1
DA:10,1
DA:11,1
DA:12,1
DA:13,1
DA:16,1
DA:17,1
DA:18,1
DA:19,1
DA:20,1
LF:15
LH:15
end_of_record