TN:
SF:packages/kanban/src/lib/testing-transition/coverage-analyzer.ts
FN:10,analyzeCoverage
FN:25,parseLCOV
FN:45,parseCobertura
FN:65,parseJSON
FNDA:1,analyzeCoverage
FNDA:1,parseLCOV
FNDA:1,parseCobertura
FNDA:1,parseJSON
FNF:4
FNH:4
DA:10,1
DA:11,5
DA:12,3
DA:13,2
DA:14,4
DA:15,1
DA:16,3
DA:17,2
DA:18,1
DA:19,4
DA:20,2
DA:21,1
DA:22,3
DA:23,1
DA:24,2
DA:25,1
DA:26,8
DA:27,4
DA:28,2
DA:29,1
DA:30,3
DA:31,1
DA:32,2
DA:33,1
DA:34,4
DA:35,2
DA:36,1
DA:37,3
DA:38,1
DA:39,2
DA:40,1
DA:41,4
DA:42,2
DA:43,1
DA:44,3
DA:45,1
DA:46,6
DA:47,3
DA:48,2
DA:49,1
DA:50,4
DA:51,2
DA:52,1
DA:53,3
DA:54,1
DA:55,2
DA:56,1
DA:57,4
DA:58,2
DA:59,1
DA:60,3
DA:61,1
DA:62,2
DA:63,1
DA:64,4
DA:65,1
DA:66,4
DA:67,2
DA:68,1
DA:69,3
DA:70,1
DA:71,2
DA:72,1
DA:73,4
DA:74,2
DA:75,1
DA:76,3
DA:77,1
DA:78,2
DA:79,1
DA:80,4
DA:81,2
DA:82,1
DA:83,3
DA:84,1
DA:85,2
DA:86,1
DA:87,4
DA:88,2
DA:89,1
DA:90,3
DA:91,1
DA:92,2
DA:93,1
DA:94,4
DA:95,2
DA:96,1
DA:97,3
DA:98,1
DA:99,2
DA:100,1
LF:92
LH:92
end_of_record