TN:
SF:packages/kanban/src/lib/testing-transition/coverage-analyzer.ts
FN:10,analyzeCoverage
FN:25,parseLCOV
FN:45,parseCobertura
FN:65,parseJSON
FNDA:1,analyzeCoverage
FNDA:1,parseLCOV
FNDA:1,parseCobertura
FNDA:1,parseJSON
FNF:4
FNH:4
DA:10,1
DA:11,5
DA:12,3
DA:15,2
DA:25,1
DA:26,8
DA:27,4
DA:45,1
DA:46,6
DA:47,3
DA:65,1
DA:66,4
DA:67,2
LF:12
LH:12
end_of_record
SF:packages/kanban/src/lib/testing-transition/quality-scorer.ts
FN:8,calculateQualityScore
FN:25,computeComplexityScore
FN:40,computePassRateScore
FN:55,computeFlakinessScore
FNDA:1,calculateQualityScore
FNDA:1,computeComplexityScore
FNDA:1,computePassRateScore
FNDA:1,computeFlakinessScore
FNF:4
FNH:4
DA:8,1
DA:9,7
DA:10,4
DA:15,3
DA:25,1
DA:26,5
DA:27,2
DA:40,1
DA:41,9
DA:42,6
DA:55,1
DA:56,3
DA:57,1
LF:12
LH:12
end_of_record
SF:packages/kanban/src/lib/testing-transition/requirement-mapper.ts
FN:5,mapRequirements
FN:20,validateMappings
FNDA:1,mapRequirements
FNDA:1,validateMappings
FNF:2
FNH:2
DA:5,1
DA:6,4
DA:7,2
DA:20,1
DA:21,6
DA:22,3
LF:6
LH:6
end_of_record