TN:
SF:packages/kanban/src/lib/testing-transition/coverage-analyzer.ts
FN:10,analyzeCoverage
FN:25,parseLCOV
FN:45,parseCobertura
FN:65,parseJSON
FNDA:1,analyzeCoverage
FNDA:0,parseLCOV
FNDA:0,parseCobertura
FNDA:0,parseJSON
FNF:4
FNH:1
DA:10,1
DA:11,2
DA:12,1
DA:15,0
DA:25,0
DA:26,1
DA:27,0
DA:45,0
DA:46,1
DA:47,0
DA:65,0
DA:66,1
DA:67,0
LF:12
LH:4
end_of_record
SF:packages/kanban/src/lib/testing-transition/quality-scorer.ts
FN:8,calculateQualityScore
FN:25,computeComplexityScore
FN:40,computePassRateScore
FN:55,computeFlakinessScore
FNDA:1,calculateQualityScore
FNDA:0,computeComplexityScore
FNDA:0,computePassRateScore
FNDA:0,computeFlakinessScore
FNF:4
FNH:1
DA:8,1
DA:9,2
DA:10,1
DA:15,0
DA:25,0
DA:26,1
DA:27,0
DA:40,0
DA:41,1
DA:42,0
DA:55,0
DA:56,1
DA:57,0
LF:12
LH:4
end_of_record