TN:
SF:packages/kanban/src/lib/testing-transition/coverage-analyzer.ts
FN:10,analyzeCoverage
FN:25,parseLCOV
FN:45,parseCobertura
FN:65,parseJSON
FNDA:1,analyzeCoverage
FNDA:0,parseLCOV
FNDA:0,parseCobertura
FNDA:0,parseJSON
FNF:4
FNH:1
DA:10,1
DA:11,1
DA:12,1
DA:13,0
DA:14,1
DA:15,0
DA:16,1
DA:17,0
DA:18,1
DA:19,0
DA:20,1
DA:21,0
DA:22,1
DA:23,0
DA:24,1
DA:25,0
DA:26,1
DA:27,0
DA:28,1
DA:29,0
DA:30,1
DA:31,0
DA:32,1
DA:33,0
DA:34,1
DA:35,0
DA:36,1
DA:37,0
DA:38,1
DA:39,0
DA:40,1
DA:41,0
DA:42,1
DA:43,0
DA:44,1
DA:45,0
DA:46,1
DA:47,0
DA:48,1
DA:49,0
DA:50,1
DA:51,0
DA:52,1
DA:53,0
DA:54,1
DA:55,0
DA:56,1
DA:57,0
DA:58,1
DA:59,0
DA:60,1
DA:61,0
DA:62,1
DA:63,0
DA:64,1
DA:65,0
DA:66,1
DA:67,0
DA:68,1
DA:69,0
DA:70,1
DA:71,0
DA:72,1
DA:73,0
DA:74,1
DA:75,0
DA:76,1
DA:77,0
DA:78,1
DA:79,0
DA:80,1
DA:81,0
DA:82,1
DA:83,0
DA:84,1
DA:85,0
DA:86,1
DA:87,0
DA:88,1
DA:89,0
DA:90,1
DA:91,0
DA:92,1
DA:93,0
DA:94,1
DA:95,0
DA:96,1
DA:97,0
DA:98,1
DA:99,0
DA:100,1
LF:92
LH:47
end_of_record